<?xml version="1.0" encoding="UTF-8"?>
<!-- Generated by org.testng.reporters.JUnitReportReporter -->
<testsuite hostname="LAPTOP-K2JEAQJ5" failures="0" tests="3" name="Test.UseOfDataProvider" time="0.006" errors="0" timestamp="2022-06-20T17:44:02 IST" skipped="0">
  <testcase classname="Test.UseOfDataProvider" name="MultipleDataTest" time="0.000"/>
  <system-out/>
  <testcase classname="Test.UseOfDataProvider" name="MultipleDataTest" time="0.000"/>
  <system-out/>
  <testcase classname="Test.UseOfDataProvider" name="MultipleDataTest" time="0.006"/>
  <system-out/>
</testsuite> <!-- Test.UseOfDataProvider -->
